<?xml version="1.0" encoding="UTF-8"?>
<testng-results skipped="0" failed="0" total="0" passed="0">
  <reporter-output>
  </reporter-output>
  <suite name="Surefire suite" duration-ms="312" started-at="2018-04-17T03:59:05Z" finished-at="2018-04-17T03:59:06Z">
    <groups>
    </groups>
    <test name="Surefire test" duration-ms="312" started-at="2018-04-17T03:59:05Z" finished-at="2018-04-17T03:59:06Z">
    </test> <!-- Surefire test -->
  </suite> <!-- Surefire suite -->
</testng-results>
